<?xml version="1.0" encoding="UTF-8"?>
<!-- Generated by org.testng.reporters.JUnitXMLReporter -->
<testsuite ignored="0" hostname="LAPTOP-47KEHV7J" failures="0" tests="1" name="Test2" time="0.07" errors="0" timestamp="2025-08-16T13:12:49 IST">
  <testcase classname="Generic_Utility.BaseClass" name="@BeforeClass launchApplication" time="-1.755330169152E9">
    <failure type="org.testng.TestNGException" message="
Parameter &amp;apos;Browser&amp;apos; is required by BeforeClass on method launchApplication but has not been marked @Optional or defined
in D:\Training\TestAutomation\vTiger\ParrallelExecution.xml">
      <![CDATA[org.testng.TestNGException: 
Parameter 'Browser' is required by BeforeClass on method launchApplication but has not been marked @Optional or defined
in D:\Training\TestAutomation\vTiger\ParrallelExecution.xml
at java.base/java.util.ArrayList.forEach(ArrayList.java:1511)
at java.base/java.util.concurrent.FutureTask.run(FutureTask.java:264)
at java.base/java.util.concurrent.ThreadPoolExecutor.runWorker(ThreadPoolExecutor.java:1136)
at java.base/java.util.concurrent.ThreadPoolExecutor$Worker.run(ThreadPoolExecutor.java:635)
at java.base/java.lang.Thread.run(Thread.java:833)
... Removed 13 stack frames]]>
    </failure>
  </testcase> <!-- @BeforeClass launchApplication -->
  <testcase classname="Generic_Utility.BaseClass" name="@BeforeClass launchApplication" time="-1.755330169152E9">
    <failure type="org.testng.TestNGException" message="
Parameter &amp;apos;Browser&amp;apos; is required by BeforeClass on method launchApplication but has not been marked @Optional or defined
in D:\Training\TestAutomation\vTiger\ParrallelExecution.xml">
      <![CDATA[org.testng.TestNGException: 
Parameter 'Browser' is required by BeforeClass on method launchApplication but has not been marked @Optional or defined
in D:\Training\TestAutomation\vTiger\ParrallelExecution.xml
at java.base/java.util.ArrayList.forEach(ArrayList.java:1511)
at java.base/java.util.concurrent.FutureTask.run(FutureTask.java:264)
at java.base/java.util.concurrent.ThreadPoolExecutor.runWorker(ThreadPoolExecutor.java:1136)
at java.base/java.util.concurrent.ThreadPoolExecutor$Worker.run(ThreadPoolExecutor.java:635)
at java.base/java.lang.Thread.run(Thread.java:833)
... Removed 13 stack frames]]>
    </failure>
  </testcase> <!-- @BeforeClass launchApplication -->
  <testcase classname="Generic_Utility.BaseClass" name="@BeforeMethod loginApplication" time="-1.755330169179E9">
    <skipped/>
  </testcase> <!-- @BeforeMethod loginApplication -->
  <testcase classname="Generic_Utility.BaseClass" name="@BeforeMethod loginApplication" time="-1.755330169179E9">
    <skipped/>
  </testcase> <!-- @BeforeMethod loginApplication -->
  <testcase classname="Generic_Utility.BaseClass" name="@AfterMethod logoutApplication" time="-1.755330169188E9">
    <skipped/>
  </testcase> <!-- @AfterMethod logoutApplication -->
  <testcase classname="Generic_Utility.BaseClass" name="@AfterMethod logoutApplication" time="-1.755330169191E9">
    <skipped/>
  </testcase> <!-- @AfterMethod logoutApplication -->
  <testcase classname="Generic_Utility.BaseClass" name="@AfterClass closeApplication" time="-1.755330169191E9">
    <skipped/>
  </testcase> <!-- @AfterClass closeApplication -->
  <testcase classname="Generic_Utility.BaseClass" name="@AfterClass closeApplication" time="-1.755330169202E9">
    <skipped/>
  </testcase> <!-- @AfterClass closeApplication -->
  <testcase classname="VtigerPackage001.CreateProduct" name="testProduct" time="0.0">
    <skipped/>
  </testcase> <!-- testProduct -->
</testsuite> <!-- Test2 -->
